#
# There is insufficient memory for the Java Runtime Environment to continue.
# Native memory allocation (malloc) failed to allocate 1048576 bytes for AllocateHeap
# Possible reasons:
#   The system is out of physical RAM or swap space
#   In 32 bit mode, the process size limit was hit
# Possible solutions:
#   Reduce memory load on the system
#   Increase physical memory or swap space
#   Check if swap backing store is full
#   Use 64 bit Java on a 64 bit OS
#   Decrease Java heap size (-Xmx/-Xms)
#   Decrease number of Java threads
#   Decrease Java thread stack sizes (-Xss)
#   Set larger code cache with -XX:ReservedCodeCacheSize=
# This output file may be truncated or incomplete.
#
#  Out of Memory Error (memory/allocation.inline.hpp:61), pid=69380, tid=0x0000000000012470
#
# JRE version:  (8.0_112-b06) (build )
# Java VM: OpenJDK 64-Bit Server VM (25.112-b06 mixed mode windows-amd64 compressed oops)
# Failed to write core dump. Minidumps are not enabled by default on client versions of Windows
#

---------------  T H R E A D  ---------------

Current thread (0x000000000193e000):  JavaThread "Unknown thread" [_thread_in_vm, id=74864, stack(0x0000000003180000,0x0000000003280000)]

Stack: [0x0000000003180000,0x0000000003280000]
[error occurred during error reporting (printing stack bounds), id 0xc0000005]

Native frames: (J=compiled Java code, j=interpreted, Vv=VM code, C=native code)


---------------  P R O C E S S  ---------------

Java Threads: ( => current thread )

Other Threads:

=>0x000000000193e000 (exited) JavaThread "Unknown thread" [_thread_in_vm, id=74864, stack(0x0000000003180000,0x0000000003280000)]

VM state:not at safepoint (normal execution)

VM Mutex/Monitor currently owned by a thread: None

Heap:
 PSYoungGen      total 76288K, used 1310K [0x000000076b400000, 0x0000000770900000, 0x00000007c0000000)
  eden space 65536K, 2% used [0x000000076b400000,0x000000076b547af0,0x000000076f400000)
  from space 10752K, 0% used [0x000000076fe80000,0x000000076fe80000,0x0000000770900000)
  to   space 10752K, 0% used [0x000000076f400000,0x000000076f400000,0x000000076fe80000)
 ParOldGen       total 175104K, used 0K [0x00000006c1c00000, 0x00000006cc700000, 0x000000076b400000)
  object space 175104K, 0% used [0x00000006c1c00000,0x00000006c1c00000,0x00000006cc700000)
 Metaspace       used 772K, capacity 4480K, committed 4480K, reserved 1056768K
  class space    used 73K, capacity 384K, committed 384K, reserved 1048576K

Card table byte_map: [0x0000000012740000,0x0000000012f40000] byte_map_base: 0x000000000f132000

Marking Bits: (ParMarkBitMap*) 0x0000000077f818f0
 Begin Bits: [0x0000000013c90000, 0x0000000017c20000)
 End Bits:   [0x0000000017c20000, 0x000000001bbb0000)

Polling page: 0x0000000001920000

CodeCache: size=245760Kb used=328Kb max_used=328Kb free=245431Kb
 bounds [0x0000000003380000, 0x00000000035f0000, 0x0000000012380000]
 total_blobs=57 nmethods=0 adapters=38
 compilation: enabled

Compilation events (0 events):
No events

GC Heap History (0 events):
No events

Deoptimization events (0 events):
No events

Internal exceptions (0 events):
No events

Events (10 events):
Event: 0.019 loading class java/lang/Short
Event: 0.019 loading class java/lang/Short done
Event: 0.019 loading class java/lang/Integer
Event: 0.019 loading class java/lang/Integer done
Event: 0.019 loading class java/lang/Long
Event: 0.019 loading class java/lang/Long done
Event: 0.019 loading class java/lang/NullPointerException
Event: 0.019 loading class java/lang/NullPointerException done
Event: 0.019 loading class java/lang/ArithmeticException
Event: 0.019 loading class java/lang/ArithmeticException done


Dynamic libraries:
0x00007ff71dd90000 - 0x00007ff71ddc1000 	C:\Program Files\Android\Android Studio\jre\bin\java.exe
0x00007ff874c60000 - 0x00007ff874e3b000 	C:\Windows\SYSTEM32\ntdll.dll
0x00007ff8740b0000 - 0x00007ff87415e000 	C:\Windows\System32\KERNEL32.DLL
0x00007ff871e70000 - 0x00007ff8720b9000 	C:\Windows\System32\KERNELBASE.dll
0x00007ff872310000 - 0x00007ff8723b1000 	C:\Windows\System32\ADVAPI32.dll
0x00007ff874620000 - 0x00007ff8746bd000 	C:\Windows\System32\msvcrt.dll
0x00007ff874220000 - 0x00007ff874279000 	C:\Windows\System32\sechost.dll
0x00007ff8723f0000 - 0x00007ff872515000 	C:\Windows\System32\RPCRT4.dll
0x00007ff874b10000 - 0x00007ff874c5a000 	C:\Windows\System32\USER32.dll
0x00007ff871280000 - 0x00007ff87129e000 	C:\Windows\System32\win32u.dll
0x00007ff874460000 - 0x00007ff874487000 	C:\Windows\System32\GDI32.dll
0x00007ff8714e0000 - 0x00007ff871667000 	C:\Windows\System32\gdi32full.dll
0x00007ff872120000 - 0x00007ff8721ba000 	C:\Windows\System32\msvcp_win.dll
0x00007ff871180000 - 0x00007ff871276000 	C:\Windows\System32\ucrtbase.dll
0x00007ff861270000 - 0x00007ff8614d7000 	C:\Windows\WinSxS\amd64_microsoft.windows.common-controls_6595b64144ccf1df_6.0.15063.483_none_26002d27e7c744a2\COMCTL32.dll
0x00007ff872690000 - 0x00007ff872989000 	C:\Windows\System32\combase.dll
0x00007ff8712a0000 - 0x00007ff87130a000 	C:\Windows\System32\bcryptPrimitives.dll
0x00007ff8723c0000 - 0x00007ff8723ed000 	C:\Windows\System32\IMM32.DLL
0x00000000776e0000 - 0x00000000777b2000 	C:\Program Files\Android\Android Studio\jre\jre\bin\msvcr100.dll
0x00000000777c0000 - 0x0000000077ffc000 	C:\Program Files\Android\Android Studio\jre\jre\bin\server\jvm.dll
0x00007ff874040000 - 0x00007ff874048000 	C:\Windows\System32\PSAPI.DLL
0x00007ff861100000 - 0x00007ff861109000 	C:\Windows\SYSTEM32\WSOCK32.dll
0x00007ff86f6a0000 - 0x00007ff86f6c3000 	C:\Windows\SYSTEM32\WINMM.dll
0x00007ff864ad0000 - 0x00007ff864ada000 	C:\Windows\SYSTEM32\VERSION.dll
0x00007ff8743f0000 - 0x00007ff87445c000 	C:\Windows\System32\WS2_32.dll
0x00007ff86f530000 - 0x00007ff86f55b000 	C:\Windows\SYSTEM32\winmmbase.dll
0x00007ff871e20000 - 0x00007ff871e69000 	C:\Windows\System32\cfgmgr32.dll
0x00007ff865080000 - 0x00007ff86508f000 	C:\Program Files\Android\Android Studio\jre\jre\bin\verify.dll
0x00007ff85c1d0000 - 0x00007ff85c1f9000 	C:\Program Files\Android\Android Studio\jre\jre\bin\java.dll
0x00007ff85be20000 - 0x00007ff85be36000 	C:\Program Files\Android\Android Studio\jre\jre\bin\zip.dll

VM Arguments:
jvm_args: -Djava.awt.headless=true -Dfile.encoding=windows-1251 -Duser.country=RU -Duser.language=ru -Duser.variant 
java_command: com.android.multidex.ClassReferenceListBuilder D:\workspace\REACT\VZDBTest\android\app\build\intermediates\multi-dex\debug\componentClasses.jar D:\workspace\REACT\VZDBTest\android\app\build\intermediates\transforms\jarMerging\debug\jars\1\1f\combined.jar
java_class_path (initial): D:\AndroidStudio\sdk\build-tools\23.0.1\lib\dx.jar
Launcher Type: SUN_STANDARD

Environment Variables:
JAVA_HOME=C:\Program Files\Android\Android Studio\jre
CLASSPATH=D:\workspace\REACT\VZDBTest\android\\gradle\wrapper\gradle-wrapper.jar
PATH=C:\ProgramData\Oracle\Java\javapath;C:\Windows\system32;C:\Windows;C:\Windows\System32\Wbem;C:\Windows\System32\WindowsPowerShell\v1.0\;C:\Program Files (x86)\Skype\Phone\;C:\Program Files\7-Zip;C:\Program Files\Git\cmd;D:\workspace\OpenServer\modules\php\PHP-7.1-x64;C:\ProgramData\ComposerSetup\bin;C:\Program Files (x86)\Windows Kits\10\Windows Performance Toolkit\;C:\Program Files\nodejs\;C:\Ruby23-x64\bin;C:\Users\Developer\AppData\Local\Microsoft\WindowsApps;C:\Users\Developer\AppData\Roaming\Composer\vendor\bin;D:\AndroidStudio\sdk\tools;D:\AndroidStudio\sdk\platform-tools;C:\Program Files\Android\Android Studio\jre\bin;C:\Users\Developer\AppData\Roaming\npm;C:\Windows\System32;C:\Users\Developer\AppData\Roaming\Dashlane\4.8.9.37516\bin\Firefox_Extension\{442718d9-475e-452a-b3e1-fb1ee16b8e9f}\components;C:\Users\Developer\AppData\Roaming\Dashlane\4.8.9.37516\ucrt
USERNAME=Developer
OS=Windows_NT
PROCESSOR_IDENTIFIER=Intel64 Family 6 Model 158 Stepping 9, GenuineIntel



---------------  S Y S T E M  ---------------

OS: Windows 10.0 , 64 bit Build 15063 (10.0.15063.296)

CPU:total 8 (4 cores per cpu, 2 threads per core) family 6 model 158 stepping 9, cmov, cx8, fxsr, mmx, sse, sse2, sse3, ssse3, sse4.1, sse4.2, popcnt, avx, avx2, aes, clmul, erms, rtm, 3dnowpref, lzcnt, ht, tsc, tscinvbit, bmi1, bmi2, adx

Memory: 4k page, physical 16657764k(579860k free), swap 31881568k(4736k free)

vm_info: OpenJDK 64-Bit Server VM (25.112-b06) for windows-amd64 JRE (1.8.0_112-release-b06), built on Dec  8 2016 00:54:26 by "builder" with MS VC++ 10.0 (VS2010)

time: Fri Oct 20 16:11:31 2017
elapsed time: 0 seconds (0d 0h 0m 0s)

